[INFO ] 2024-08-31 11:16:44.147 [main] FlipzonApplication - Starting FlipzonApplication using Java 22.0.1 with PID 3920 (C:\flipzon\flipzon\target\classes started by postgres in C:\flipzon\flipzon)
[DEBUG] 2024-08-31 11:16:44.176 [main] FlipzonApplication - Running with Spring Boot v3.3.2, Spring v6.1.11
[INFO ] 2024-08-31 11:16:44.178 [main] FlipzonApplication - No active profile set, falling back to 1 default profile: "default"
[DEBUG] 2024-08-31 11:16:52.918 [main] JwtAuthenticationFilter - Filter 'jwtAuthenticationFilter' configured for use
[INFO ] 2024-08-31 11:16:54.644 [main] FlipzonApplication - Started FlipzonApplication in 11.462 seconds (process running for 13.707)
[INFO ] 2024-08-31 11:17:59.361 [http-nio-8080-exec-2] UserServiceImpl - User is added ..
[INFO ] 2024-08-31 11:29:33.636 [main] FlipzonApplication - Starting FlipzonApplication using Java 22.0.1 with PID 12104 (C:\flipzon\flipzon\target\classes started by postgres in C:\flipzon\flipzon)
[DEBUG] 2024-08-31 11:29:33.657 [main] FlipzonApplication - Running with Spring Boot v3.3.2, Spring v6.1.11
[INFO ] 2024-08-31 11:29:33.659 [main] FlipzonApplication - No active profile set, falling back to 1 default profile: "default"
[DEBUG] 2024-08-31 11:29:43.304 [main] JwtAuthenticationFilter - Filter 'jwtAuthenticationFilter' configured for use
[INFO ] 2024-08-31 11:29:44.713 [main] FlipzonApplication - Started FlipzonApplication in 12.296 seconds (process running for 14.745)
[INFO ] 2024-08-31 11:30:33.460 [http-nio-8080-exec-1] UserServiceImpl - Checking for the user with this emailId : jeevithasree@gmail.com
[INFO ] 2024-08-31 11:30:36.383 [http-nio-8080-exec-1] UserServiceImpl - JeevithaSree user is added
[INFO ] 2024-08-31 12:42:00.420 [main] FlipzonApplication - Starting FlipzonApplication using Java 22.0.1 with PID 10636 (C:\flipzon\flipzon\target\classes started by postgres in C:\flipzon\flipzon)
[DEBUG] 2024-08-31 12:42:00.472 [main] FlipzonApplication - Running with Spring Boot v3.3.2, Spring v6.1.11
[INFO ] 2024-08-31 12:42:00.480 [main] FlipzonApplication - No active profile set, falling back to 1 default profile: "default"
[DEBUG] 2024-08-31 12:42:11.529 [main] JwtAuthenticationFilter - Filter 'jwtAuthenticationFilter' configured for use
[INFO ] 2024-08-31 12:42:13.751 [main] FlipzonApplication - Started FlipzonApplication in 14.597 seconds (process running for 16.794)
[INFO ] 2024-08-31 12:42:32.039 [http-nio-8080-exec-2] UserServiceImpl - Checking for the user with this emailId : dharani@gmail.com
[INFO ] 2024-08-31 12:42:35.201 [http-nio-8080-exec-2] UserServiceImpl - Dharani user is added
[INFO ] 2024-08-31 12:42:35.364 [http-nio-8080-exec-2] CustomerServiceImpl - customer is added
[INFO ] 2024-08-31 15:22:25.328 [main] FlipzonApplication - Starting FlipzonApplication using Java 22.0.1 with PID 8480 (C:\flipzon\flipzon\target\classes started by postgres in C:\flipzon\flipzon)
[DEBUG] 2024-08-31 15:22:25.347 [main] FlipzonApplication - Running with Spring Boot v3.3.2, Spring v6.1.11
[INFO ] 2024-08-31 15:22:25.351 [main] FlipzonApplication - No active profile set, falling back to 1 default profile: "default"
[DEBUG] 2024-08-31 15:22:36.950 [main] JwtAuthenticationFilter - Filter 'jwtAuthenticationFilter' configured for use
[INFO ] 2024-08-31 15:22:40.155 [main] FlipzonApplication - Started FlipzonApplication in 15.914 seconds (process running for 18.35)
[INFO ] 2024-08-31 15:28:19.979 [main] FlipzonApplication - Starting FlipzonApplication using Java 22.0.1 with PID 5292 (C:\flipzon\flipzon\target\classes started by postgres in C:\flipzon\flipzon)
[DEBUG] 2024-08-31 15:28:19.996 [main] FlipzonApplication - Running with Spring Boot v3.3.2, Spring v6.1.11
[INFO ] 2024-08-31 15:28:19.999 [main] FlipzonApplication - No active profile set, falling back to 1 default profile: "default"
[DEBUG] 2024-08-31 15:28:30.020 [main] JwtAuthenticationFilter - Filter 'jwtAuthenticationFilter' configured for use
[INFO ] 2024-08-31 15:28:32.304 [main] FlipzonApplication - Started FlipzonApplication in 13.333 seconds (process running for 15.47)
[INFO ] 2024-08-31 15:28:38.733 [main] UserServiceImpl - ADMINadmin is created.
[INFO ] 2024-08-31 15:31:03.187 [main] FlipzonApplication - Starting FlipzonApplication using Java 22.0.1 with PID 13252 (C:\flipzon\flipzon\target\classes started by postgres in C:\flipzon\flipzon)
[DEBUG] 2024-08-31 15:31:03.223 [main] FlipzonApplication - Running with Spring Boot v3.3.2, Spring v6.1.11
[INFO ] 2024-08-31 15:31:03.227 [main] FlipzonApplication - No active profile set, falling back to 1 default profile: "default"
[DEBUG] 2024-08-31 15:31:12.775 [main] JwtAuthenticationFilter - Filter 'jwtAuthenticationFilter' configured for use
[INFO ] 2024-08-31 15:31:14.345 [main] FlipzonApplication - Started FlipzonApplication in 12.297 seconds (process running for 14.622)
[INFO ] 2024-08-31 15:33:48.162 [http-nio-8080-exec-1] UserServiceImpl - Checking for the user with this emailId : dharani@gmail.com
[INFO ] 2024-08-31 15:33:53.478 [http-nio-8080-exec-1] UserServiceImpl - Dharani user is added
[INFO ] 2024-08-31 15:33:53.718 [http-nio-8080-exec-1] CustomerServiceImpl - customer is added
[INFO ] 2024-08-31 15:34:24.858 [http-nio-8080-exec-3] UserServiceImpl - Getting the user with this emailId : admin@gmail.com
[INFO ] 2024-08-31 15:38:15.532 [http-nio-8080-exec-2] UserServiceImpl - Getting the user with this emailId : dharani@gmail.com
[INFO ] 2024-08-31 15:38:44.332 [http-nio-8080-exec-1] CustomerServiceImpl - Checking for the customer with this id: 1
[INFO ] 2024-08-31 15:38:44.336 [http-nio-8080-exec-1] CustomerServiceImpl - Getting the customer with this id: 1
[INFO ] 2024-08-31 15:42:45.894 [http-nio-8080-exec-5] CustomerServiceImpl - Getting the customer with this id: 1
[INFO ] 2024-08-31 15:42:59.366 [http-nio-8080-exec-6] UserServiceImpl - Getting the user with this emailId : dharani@gmail.com
[INFO ] 2024-09-01 22:11:57.155 [main] FlipzonApplication - Starting FlipzonApplication using Java 22.0.1 with PID 8184 (C:\flipzon\flipzon\target\classes started by postgres in C:\flipzon\flipzon)
[DEBUG] 2024-09-01 22:11:57.180 [main] FlipzonApplication - Running with Spring Boot v3.3.2, Spring v6.1.11
[INFO ] 2024-09-01 22:11:57.180 [main] FlipzonApplication - No active profile set, falling back to 1 default profile: "default"
[DEBUG] 2024-09-01 22:12:12.010 [main] JwtAuthenticationFilter - Filter 'jwtAuthenticationFilter' configured for use
[INFO ] 2024-09-01 22:13:56.849 [main] FlipzonApplication - Starting FlipzonApplication using Java 22.0.1 with PID 16088 (C:\flipzon\flipzon\target\classes started by postgres in C:\flipzon\flipzon)
[DEBUG] 2024-09-01 22:13:56.865 [main] FlipzonApplication - Running with Spring Boot v3.3.2, Spring v6.1.11
[INFO ] 2024-09-01 22:13:56.865 [main] FlipzonApplication - No active profile set, falling back to 1 default profile: "default"
[DEBUG] 2024-09-01 22:14:07.115 [main] JwtAuthenticationFilter - Filter 'jwtAuthenticationFilter' configured for use
[INFO ] 2024-09-01 22:14:53.621 [main] FlipzonApplication - Starting FlipzonApplication using Java 22.0.1 with PID 2636 (C:\flipzon\flipzon\target\classes started by postgres in C:\flipzon\flipzon)
[DEBUG] 2024-09-01 22:14:53.639 [main] FlipzonApplication - Running with Spring Boot v3.3.2, Spring v6.1.11
[INFO ] 2024-09-01 22:14:53.639 [main] FlipzonApplication - No active profile set, falling back to 1 default profile: "default"
[DEBUG] 2024-09-01 22:15:02.576 [main] JwtAuthenticationFilter - Filter 'jwtAuthenticationFilter' configured for use
[INFO ] 2024-09-01 22:15:04.329 [main] FlipzonApplication - Started FlipzonApplication in 11.874 seconds (process running for 13.971)
[INFO ] 2024-09-01 22:20:38.737 [http-nio-8080-exec-3] UserServiceImpl - Getting the user with this emailId : dharani@gmail.com
[INFO ] 2024-09-01 22:24:00.280 [main] FlipzonApplication - Starting FlipzonApplication using Java 22.0.1 with PID 14392 (C:\flipzon\flipzon\target\classes started by postgres in C:\flipzon\flipzon)
[DEBUG] 2024-09-01 22:24:00.302 [main] FlipzonApplication - Running with Spring Boot v3.3.2, Spring v6.1.11
[INFO ] 2024-09-01 22:24:00.304 [main] FlipzonApplication - No active profile set, falling back to 1 default profile: "default"
[DEBUG] 2024-09-01 22:24:12.205 [main] JwtAuthenticationFilter - Filter 'jwtAuthenticationFilter' configured for use
[INFO ] 2024-09-01 22:24:13.855 [main] FlipzonApplication - Started FlipzonApplication in 14.795 seconds (process running for 17.68)
[INFO ] 2024-09-01 22:25:23.702 [main] FlipzonApplication - Starting FlipzonApplication using Java 22.0.1 with PID 14788 (C:\flipzon\flipzon\target\classes started by postgres in C:\flipzon\flipzon)
[DEBUG] 2024-09-01 22:25:23.783 [main] FlipzonApplication - Running with Spring Boot v3.3.2, Spring v6.1.11
[INFO ] 2024-09-01 22:25:23.787 [main] FlipzonApplication - No active profile set, falling back to 1 default profile: "default"
[DEBUG] 2024-09-01 22:25:40.491 [main] JwtAuthenticationFilter - Filter 'jwtAuthenticationFilter' configured for use
[INFO ] 2024-09-01 22:25:42.569 [main] FlipzonApplication - Started FlipzonApplication in 20.248 seconds (process running for 22.966)
[INFO ] 2024-09-01 22:27:12.819 [http-nio-8080-exec-6] UserServiceImpl - Getting the user with this emailId : admin@gmail.com
[INFO ] 2024-09-01 22:33:16.127 [main] FlipzonApplication - Starting FlipzonApplication using Java 22.0.1 with PID 10992 (C:\flipzon\flipzon\target\classes started by postgres in C:\flipzon\flipzon)
[DEBUG] 2024-09-01 22:33:16.193 [main] FlipzonApplication - Running with Spring Boot v3.3.2, Spring v6.1.11
[INFO ] 2024-09-01 22:33:16.196 [main] FlipzonApplication - No active profile set, falling back to 1 default profile: "default"
[DEBUG] 2024-09-01 22:33:30.448 [main] JwtAuthenticationFilter - Filter 'jwtAuthenticationFilter' configured for use
[INFO ] 2024-09-01 22:33:33.440 [main] FlipzonApplication - Started FlipzonApplication in 18.288 seconds (process running for 20.324)
[INFO ] 2024-09-01 22:33:49.749 [http-nio-8080-exec-2] UserServiceImpl - Checking for the user with this emailId : aravind@gmail.com
[INFO ] 2024-09-01 22:33:55.096 [http-nio-8080-exec-2] UserServiceImpl - Aravind user is added
[INFO ] 2024-09-01 22:33:55.370 [http-nio-8080-exec-2] CustomerServiceImpl - customer is added
[INFO ] 2024-09-01 22:34:17.138 [http-nio-8080-exec-3] UserServiceImpl - Getting the user with this emailId : aravind@gmail.com
[INFO ] 2024-09-01 22:34:39.231 [http-nio-8080-exec-4] CustomerServiceImpl - Getting the customer with this id: 2
[INFO ] 2024-09-01 22:35:23.625 [http-nio-8080-exec-6] CustomerServiceImpl - Checking for the customer with this id: 2
[INFO ] 2024-09-01 22:35:23.631 [http-nio-8080-exec-6] CustomerServiceImpl - Getting the customer with this id: 2
[INFO ] 2024-09-01 22:54:30.236 [main] FlipzonApplication - Starting FlipzonApplication using Java 22.0.1 with PID 8480 (C:\flipzon\flipzon\target\classes started by postgres in C:\flipzon\flipzon)
[DEBUG] 2024-09-01 22:54:30.259 [main] FlipzonApplication - Running with Spring Boot v3.3.2, Spring v6.1.11
[INFO ] 2024-09-01 22:54:30.259 [main] FlipzonApplication - No active profile set, falling back to 1 default profile: "default"
[DEBUG] 2024-09-01 22:54:39.607 [main] JwtAuthenticationFilter - Filter 'jwtAuthenticationFilter' configured for use
[INFO ] 2024-09-01 22:54:41.143 [main] FlipzonApplication - Started FlipzonApplication in 12.372 seconds (process running for 14.781)
[INFO ] 2024-09-01 23:02:01.223 [main] FlipzonApplication - Starting FlipzonApplication using Java 22.0.1 with PID 8432 (C:\flipzon\flipzon\target\classes started by postgres in C:\flipzon\flipzon)
[DEBUG] 2024-09-01 23:02:01.244 [main] FlipzonApplication - Running with Spring Boot v3.3.2, Spring v6.1.11
[INFO ] 2024-09-01 23:02:01.245 [main] FlipzonApplication - No active profile set, falling back to 1 default profile: "default"
[DEBUG] 2024-09-01 23:02:10.029 [main] JwtAuthenticationFilter - Filter 'jwtAuthenticationFilter' configured for use
[INFO ] 2024-09-01 23:02:11.624 [main] FlipzonApplication - Started FlipzonApplication in 11.566 seconds (process running for 13.808)
[INFO ] 2024-09-01 23:02:15.032 [main] UserServiceImpl - ADMINadmin is created.
[INFO ] 2024-09-02 11:14:08.455 [main] FlipzonApplication - Starting FlipzonApplication using Java 22.0.1 with PID 23888 (C:\Users\gowthamraj.bommannan\Desktop\project\flipzon\target\classes started by postgres in C:\Users\gowthamraj.bommannan\Desktop\project\flipzon)
[DEBUG] 2024-09-02 11:14:08.474 [main] FlipzonApplication - Running with Spring Boot v3.3.2, Spring v6.1.11
[INFO ] 2024-09-02 11:14:08.481 [main] FlipzonApplication - No active profile set, falling back to 1 default profile: "default"
[DEBUG] 2024-09-02 11:14:22.410 [main] JwtAuthenticationFilter - Filter 'jwtAuthenticationFilter' configured for use
[INFO ] 2024-09-02 11:14:25.941 [main] FlipzonApplication - Started FlipzonApplication in 18.499 seconds (process running for 20.884)
[INFO ] 2024-09-02 11:15:29.086 [http-nio-8080-exec-4] UserServiceImpl - Getting the user with this emailId : gowtham@gmail.com
[INFO ] 2024-09-02 11:16:24.982 [http-nio-8080-exec-5] CustomerServiceImpl - Getting the customer with this id: 1
[INFO ] 2024-09-02 11:16:25.134 [http-nio-8080-exec-5] CustomerServiceImpl - Getting the customer with this id: 1
[INFO ] 2024-09-02 11:16:25.137 [http-nio-8080-exec-5] CustomerController - Product added to wishlist Successfully
[INFO ] 2024-09-02 11:16:33.320 [http-nio-8080-exec-6] CustomerServiceImpl - Getting the customer with this id: 1
[INFO ] 2024-09-02 11:16:33.398 [http-nio-8080-exec-6] CustomerServiceImpl - Getting the customer with this id: 1
[INFO ] 2024-09-02 11:16:33.402 [http-nio-8080-exec-6] CustomerController - Product added to wishlist Successfully
